<?xml version="1.0" encoding="UTF-8"?>
<!-- Generated by org.testng.reporters.JUnitXMLReporter -->
<testsuite hostname="TESTWKS22" name="Test" tests="1" failures="1" timestamp="30 Jun 2021 09:44:25 GMT" time="453.544" errors="0">
  <testcase name="login" time="453.527" classname="com.task.testcase.TaskLoginTestCase">
    <failure type="java.lang.NullPointerException">
      <![CDATA[java.lang.NullPointerException
	at com.task.helper.Xlutility.readExcel12(Xlutility.java:151)
	at com.task.testcase.TaskLoginTestCase.login(TaskLoginTestCase.java:40)
... Removed 24 stack frames]]>
    </failure>
  </testcase> <!-- login -->
</testsuite> <!-- Test -->
